<?xml version="1.0" encoding="UTF-8"?>
<!-- Generated by org.testng.reporters.JUnitReportReporter -->
<testsuite hostname="LTIN192431" failures="0" tests="2" name="testCase.TC_001_FindingHospital" time="35.341" errors="0" timestamp="2024-02-06T09:26:44 IST" skipped="0">
  <testcase classname="testCase.TC_001_FindingHospital" name="gettingCardiologiests" time="21.807"/>
  <testcase classname="testCase.TC_001_FindingHospital" name="SearchingCardiologiests" time="13.534"/>
</testsuite> <!-- testCase.TC_001_FindingHospital -->
