<?xml version="1.0" encoding="UTF-8"?>
<!-- Generated by org.testng.reporters.JUnitReportReporter -->
<testsuite hostname="LTIN192431" failures="0" tests="3" name="testCase.TC_003_EnteringDetailsPositive" time="51.306" errors="0" timestamp="2024-02-05T12:10:48 IST" skipped="0">
  <testcase classname="testCase.TC_003_EnteringDetailsPositive" name="FindingHospital" time="20.069"/>
  <testcase classname="testCase.TC_003_EnteringDetailsPositive" name="CaptureSurgeries" time="11.621"/>
  <testcase classname="testCase.TC_003_EnteringDetailsPositive" name="EnteringDetailsPositive" time="19.616"/>
</testsuite> <!-- testCase.TC_003_EnteringDetailsPositive -->
