<?xml version="1.0" encoding="UTF-8"?>
<!-- Generated by org.testng.reporters.JUnitReportReporter -->
<testsuite hostname="LTIN283862" failures="0" tests="2" name="testCase.TC_001_SearchingCardiologiests" time="33.405" errors="0" timestamp="2024-02-13T11:45:37 IST" skipped="0">
  <testcase classname="testCase.TC_001_SearchingCardiologiests" name="gettingCardiologiests" time="25.256"/>
  <testcase classname="testCase.TC_001_SearchingCardiologiests" name="SearchingCardiologiests" time="8.149"/>
</testsuite> <!-- testCase.TC_001_SearchingCardiologiests -->
