<?xml version="1.0" encoding="UTF-8"?>
<!-- Generated by org.testng.reporters.JUnitReportReporter -->
<testsuite hostname="LTIN283862" failures="0" tests="1" name="testCase.TC_003_CorporateHealthAndWellness_InvalidDetails" time="11.735" errors="0" timestamp="2024-02-13T11:45:37 IST" skipped="0">
  <testcase classname="testCase.TC_003_CorporateHealthAndWellness_InvalidDetails" name="checkingInvalidDetails" time="11.735"/>
</testsuite> <!-- testCase.TC_003_CorporateHealthAndWellness_InvalidDetails -->
