<?xml version="1.0" encoding="UTF-8"?>
<!-- Generated by org.testng.reporters.JUnitReportReporter -->
<testsuite hostname="LTIN192431" failures="0" tests="1" name="testCase.TC_003_ValidatingEmailId" time="11.742" errors="0" timestamp="2024-02-05T18:09:04 IST" skipped="0">
  <testcase classname="testCase.TC_003_ValidatingEmailId" name="checkingInvalidDetails" time="11.742"/>
</testsuite> <!-- testCase.TC_003_ValidatingEmailId -->
