<?xml version="1.0" encoding="UTF-8"?>
<!-- Generated by org.testng.reporters.JUnitReportReporter -->
<testsuite hostname="LTIN283862" failures="0" tests="7" name="testCase.TC_002_CaptureSurgeries" time="35.881" errors="0" timestamp="2024-02-13T11:45:37 IST" skipped="0">
  <testcase classname="testCase.TC_002_CaptureSurgeries" name="CapturePopularSurgeries" time="11.885"/>
  <testcase classname="testCase.TC_002_CaptureSurgeries" name="GeneralSurgeries" time="5.663"/>
  <testcase classname="testCase.TC_002_CaptureSurgeries" name="ProctologySurgeries" time="4.115"/>
  <testcase classname="testCase.TC_002_CaptureSurgeries" name="OphthamologySurgeries" time="3.004"/>
  <testcase classname="testCase.TC_002_CaptureSurgeries" name="UrologySurgeries" time="4.319"/>
  <testcase classname="testCase.TC_002_CaptureSurgeries" name="CosmeticSurgeries" time="3.389"/>
  <testcase classname="testCase.TC_002_CaptureSurgeries" name="OrthopedicsSurgeries" time="3.506"/>
</testsuite> <!-- testCase.TC_002_CaptureSurgeries -->
